<?xml version="1.0" encoding="UTF-8" ?>
<testsuite failures="0" time="8.674" errors="0" skipped="0" tests="1" name="org.openmrs.module.trainingexample2.api.TrainingExample2ServiceTest">
  <properties>
    <property name="java.runtime.name" value="Java(TM) SE Runtime Environment"/>
    <property name="sun.boot.library.path" value="C:\Program Files\Java\jdk1.6.0_35\jre\bin"/>
    <property name="java.vm.version" value="20.10-b01"/>
    <property name="java.vm.vendor" value="Sun Microsystems Inc."/>
    <property name="java.vendor.url" value="http://java.sun.com/"/>
    <property name="path.separator" value=";"/>
    <property name="java.vm.name" value="Java HotSpot(TM) 64-Bit Server VM"/>
    <property name="file.encoding.pkg" value="sun.io"/>
    <property name="user.country" value="US"/>
    <property name="sun.java.launcher" value="SUN_STANDARD"/>
    <property name="sun.os.patch.level" value="Service Pack 1"/>
    <property name="java.vm.specification.name" value="Java Virtual Machine Specification"/>
    <property name="user.dir" value="D:\workspace\trainingexample2\api"/>
    <property name="java.runtime.version" value="1.6.0_35-b10"/>
    <property name="java.awt.graphicsenv" value="sun.awt.Win32GraphicsEnvironment"/>
    <property name="basedir" value="D:\workspace\trainingexample2\api"/>
    <property name="java.endorsed.dirs" value="C:\Program Files\Java\jdk1.6.0_35\jre\lib\endorsed"/>
    <property name="os.arch" value="amd64"/>
    <property name="surefire.real.class.path" value="D:\workspace\trainingexample2\api\target\surefire\surefirebooter724655908160169926.jar"/>
    <property name="java.io.tmpdir" value="C:\Users\Yonatan\AppData\Local\Temp\"/>
    <property name="line.separator" value="
"/>
    <property name="java.vm.specification.vendor" value="Sun Microsystems Inc."/>
    <property name="user.variant" value=""/>
    <property name="os.name" value="Windows 7"/>
    <property name="sun.jnu.encoding" value="Cp1255"/>
    <property name="java.library.path" value="C:\Program Files\Java\jdk1.6.0_35\jre\bin;C:\Windows\Sun\Java\bin;C:\Windows\system32;C:\Windows;C:\Program Files (x86)\NVIDIA Corporation\PhysX\Common;C:\Windows\system32;C:\Windows;C:\Windows\System32\Wbem;C:\Windows\System32\WindowsPowerShell\v1.0\;C:\Program Files (x86)\Microsoft SQL Server\100\Tools\Binn\;C:\Program Files\Microsoft SQL Server\100\Tools\Binn\;C:\Program Files\Microsoft SQL Server\100\DTS\Binn\;c:\program files\apache-maven-3.0.4\bin;E:\Program Files (x86)\Google\google_appengine\;."/>
    <property name="surefire.test.class.path" value="D:\workspace\trainingexample2\api\target\test-classes;D:\workspace\trainingexample2\api\target\classes;C:\Users\Yonatan\.m2\repository\org\openmrs\api\openmrs-api\1.9.0\openmrs-api-1.9.0.jar;C:\Users\Yonatan\.m2\repository\commons-collections\commons-collections\3.2\commons-collections-3.2.jar;C:\Users\Yonatan\.m2\repository\org\apache\commons\commons-lang3\3.1\commons-lang3-3.1.jar;C:\Users\Yonatan\.m2\repository\commons-beanutils\commons-beanutils\1.7.0\commons-beanutils-1.7.0.jar;C:\Users\Yonatan\.m2\repository\commons-io\commons-io\1.4\commons-io-1.4.jar;C:\Users\Yonatan\.m2\repository\org\azeckoski\reflectutils\0.9.14\reflectutils-0.9.14.jar;C:\Users\Yonatan\.m2\repository\org\apache\velocity\velocity\1.6.2\velocity-1.6.2.jar;C:\Users\Yonatan\.m2\repository\commons-lang\commons-lang\2.4\commons-lang-2.4.jar;C:\Users\Yonatan\.m2\repository\log4j\log4j\1.2.15\log4j-1.2.15.jar;C:\Users\Yonatan\.m2\repository\org\springframework\spring-core\3.0.5.RELEASE\spring-core-3.0.5.RELEASE.jar;C:\Users\Yonatan\.m2\repository\org\springframework\spring-asm\3.0.5.RELEASE\spring-asm-3.0.5.RELEASE.jar;C:\Users\Yonatan\.m2\repository\org\springframework\spring-beans\3.0.5.RELEASE\spring-beans-3.0.5.RELEASE.jar;C:\Users\Yonatan\.m2\repository\org\springframework\spring-context\3.0.5.RELEASE\spring-context-3.0.5.RELEASE.jar;C:\Users\Yonatan\.m2\repository\org\springframework\spring-expression\3.0.5.RELEASE\spring-expression-3.0.5.RELEASE.jar;C:\Users\Yonatan\.m2\repository\org\springframework\spring-aop\3.0.5.RELEASE\spring-aop-3.0.5.RELEASE.jar;C:\Users\Yonatan\.m2\repository\aopalliance\aopalliance\1.0\aopalliance-1.0.jar;C:\Users\Yonatan\.m2\repository\org\springframework\spring-orm\3.0.5.RELEASE\spring-orm-3.0.5.RELEASE.jar;C:\Users\Yonatan\.m2\repository\org\springframework\spring-tx\3.0.5.RELEASE\spring-tx-3.0.5.RELEASE.jar;C:\Users\Yonatan\.m2\repository\org\springframework\spring-jdbc\3.0.5.RELEASE\spring-jdbc-3.0.5.RELEASE.jar;C:\Users\Yonatan\.m2\repository\org\antlr\antlr-runtime\3.4\antlr-runtime-3.4.jar;C:\Users\Yonatan\.m2\repository\org\antlr\stringtemplate\3.2.1\stringtemplate-3.2.1.jar;C:\Users\Yonatan\.m2\repository\antlr\antlr\2.7.7\antlr-2.7.7.jar;C:\Users\Yonatan\.m2\repository\asm\asm-commons\2.2.3\asm-commons-2.2.3.jar;C:\Users\Yonatan\.m2\repository\asm\asm-tree\2.2.3\asm-tree-2.2.3.jar;C:\Users\Yonatan\.m2\repository\asm\asm\2.2.3\asm-2.2.3.jar;C:\Users\Yonatan\.m2\repository\asm\asm-util\2.2.3\asm-util-2.2.3.jar;C:\Users\Yonatan\.m2\repository\cglib\cglib-nodep\2.2\cglib-nodep-2.2.jar;C:\Users\Yonatan\.m2\repository\ca\uhn\hapi\hapi\0.5\hapi-0.5.jar;C:\Users\Yonatan\.m2\repository\org\openmrs\simpleframework\simple-xml\1.6.1-mod\simple-xml-1.6.1-mod.jar;C:\Users\Yonatan\.m2\repository\stax\stax\1.2.0\stax-1.2.0.jar;C:\Users\Yonatan\.m2\repository\stax\stax-api\1.0.1\stax-api-1.0.1.jar;C:\Users\Yonatan\.m2\repository\javassist\javassist\3.12.1.GA\javassist-3.12.1.GA.jar;C:\Users\Yonatan\.m2\repository\org\openmrs\hibernate\hibernate-core\3.6.5.Final-mod\hibernate-core-3.6.5.Final-mod.jar;C:\Users\Yonatan\.m2\repository\org\hibernate\hibernate-commons-annotations\3.2.0.Final\hibernate-commons-annotations-3.2.0.Final.jar;C:\Users\Yonatan\.m2\repository\org\hibernate\javax\persistence\hibernate-jpa-2.0-api\1.0.0.Final\hibernate-jpa-2.0-api-1.0.0.Final.jar;C:\Users\Yonatan\.m2\repository\javax\transaction\jta\1.1\jta-1.1.jar;C:\Users\Yonatan\.m2\repository\org\hibernate\hibernate-c3p0\3.6.0.Final\hibernate-c3p0-3.6.0.Final.jar;C:\Users\Yonatan\.m2\repository\org\hibernate\hibernate-core\3.6.0.Final\hibernate-core-3.6.0.Final.jar;C:\Users\Yonatan\.m2\repository\org\hibernate\hibernate-ehcache\3.6.0.Final\hibernate-ehcache-3.6.0.Final.jar;C:\Users\Yonatan\.m2\repository\org\hibernate\hibernate-search\3.4.0.Final\hibernate-search-3.4.0.Final.jar;C:\Users\Yonatan\.m2\repository\org\apache\lucene\lucene-core\3.1.0\lucene-core-3.1.0.jar;C:\Users\Yonatan\.m2\repository\org\hibernate\hibernate-search-analyzers\3.4.0.Final\hibernate-search-analyzers-3.4.0.Final.jar;C:\Users\Yonatan\.m2\repository\org\apache\lucene\lucene-analyzers\3.1.0\lucene-analyzers-3.1.0.jar;C:\Users\Yonatan\.m2\repository\org\apache\solr\solr-analysis-extras\3.1.0\solr-analysis-extras-3.1.0.jar;C:\Users\Yonatan\.m2\repository\org\apache\solr\solr-core\3.1.0\solr-core-3.1.0.jar;C:\Users\Yonatan\.m2\repository\org\apache\solr\solr-solrj\3.1.0\solr-solrj-3.1.0.jar;C:\Users\Yonatan\.m2\repository\org\apache\lucene\lucene-highlighter\3.1.0\lucene-highlighter-3.1.0.jar;C:\Users\Yonatan\.m2\repository\org\apache\lucene\lucene-memory\3.1.0\lucene-memory-3.1.0.jar;C:\Users\Yonatan\.m2\repository\org\apache\lucene\lucene-misc\3.1.0\lucene-misc-3.1.0.jar;C:\Users\Yonatan\.m2\repository\org\apache\lucene\lucene-spatial\3.1.0\lucene-spatial-3.1.0.jar;C:\Users\Yonatan\.m2\repository\org\apache\lucene\lucene-spellchecker\3.1.0\lucene-spellchecker-3.1.0.jar;C:\Users\Yonatan\.m2\repository\org\apache\solr\solr-commons-csv\3.1.0\solr-commons-csv-3.1.0.jar;C:\Users\Yonatan\.m2\repository\commons-codec\commons-codec\1.4\commons-codec-1.4.jar;C:\Users\Yonatan\.m2\repository\org\apache\lucene\lucene-smartcn\3.1.0\lucene-smartcn-3.1.0.jar;C:\Users\Yonatan\.m2\repository\org\apache\lucene\lucene-stempel\3.1.0\lucene-stempel-3.1.0.jar;C:\Users\Yonatan\.m2\repository\dom4j\dom4j\1.6.1\dom4j-1.6.1.jar;C:\Users\Yonatan\.m2\repository\c3p0\c3p0\0.9.1\c3p0-0.9.1.jar;C:\Users\Yonatan\.m2\repository\net\sf\ehcache\ehcache-core\2.2.0\ehcache-core-2.2.0.jar;C:\Users\Yonatan\.m2\repository\org\slf4j\slf4j-api\1.6.0\slf4j-api-1.6.0.jar;C:\Users\Yonatan\.m2\repository\org\slf4j\jcl-over-slf4j\1.6.0\jcl-over-slf4j-1.6.0.jar;C:\Users\Yonatan\.m2\repository\org\slf4j\slf4j-log4j12\1.6.0\slf4j-log4j12-1.6.0.jar;C:\Users\Yonatan\.m2\repository\com\thoughtworks\xstream\xstream\1.3.1\xstream-1.3.1.jar;C:\Users\Yonatan\.m2\repository\javax\mail\mail\1.4.1\mail-1.4.1.jar;C:\Users\Yonatan\.m2\repository\javax\activation\activation\1.1\activation-1.1.jar;C:\Users\Yonatan\.m2\repository\org\liquibase\liquibase-core\2.0.1\liquibase-core-2.0.1.jar;C:\Users\Yonatan\.m2\repository\org\openmrs\liquibase\ext\modify-column\2.0.2\modify-column-2.0.2.jar;C:\Users\Yonatan\.m2\repository\org\openmrs\liquibase\ext\identity-insert\1.2.1\identity-insert-1.2.1.jar;C:\Users\Yonatan\.m2\repository\org\openmrs\liquibase\ext\type-converter\1.0.1\type-converter-1.0.1.jar;C:\Users\Yonatan\.m2\repository\xerces\xercesImpl\2.8.0\xercesImpl-2.8.0.jar;C:\Users\Yonatan\.m2\repository\xml-apis\xml-apis\1.3.03\xml-apis-1.3.03.jar;C:\Users\Yonatan\.m2\repository\xml-resolver\xml-resolver\1.1\xml-resolver-1.1.jar;C:\Users\Yonatan\.m2\repository\org\springframework\spring-oxm\3.0.5.RELEASE\spring-oxm-3.0.5.RELEASE.jar;C:\Users\Yonatan\.m2\repository\org\openmrs\web\openmrs-web\1.9.0\openmrs-web-1.9.0.jar;C:\Users\Yonatan\.m2\repository\javax\servlet\servlet-api\2.5\servlet-api-2.5.jar;C:\Users\Yonatan\.m2\repository\javax\servlet\jsp-api\2.0\jsp-api-2.0.jar;C:\Users\Yonatan\.m2\repository\javax\servlet\jstl\1.1.2\jstl-1.1.2.jar;C:\Users\Yonatan\.m2\repository\org\openmrs\directwebremoting\dwr\2.0.5-mod\dwr-2.0.5-mod.jar;C:\Users\Yonatan\.m2\repository\commons-fileupload\commons-fileupload\1.2.1\commons-fileupload-1.2.1.jar;C:\Users\Yonatan\.m2\repository\net\sf\saxon\saxon\8.7\saxon-8.7.jar;C:\Users\Yonatan\.m2\repository\net\sf\saxon\saxon-dom\8.7\saxon-dom-8.7.jar;C:\Users\Yonatan\.m2\repository\org\springframework\spring-web\3.0.5.RELEASE\spring-web-3.0.5.RELEASE.jar;C:\Users\Yonatan\.m2\repository\org\springframework\spring-webmvc\3.0.5.RELEASE\spring-webmvc-3.0.5.RELEASE.jar;C:\Users\Yonatan\.m2\repository\org\springframework\spring-context-support\3.0.5.RELEASE\spring-context-support-3.0.5.RELEASE.jar;C:\Users\Yonatan\.m2\repository\jfree\jfreechart\1.0.12\jfreechart-1.0.12.jar;C:\Users\Yonatan\.m2\repository\jfree\jcommon\1.0.15\jcommon-1.0.15.jar;C:\Users\Yonatan\.m2\repository\mysql\mysql-connector-java\5.1.8\mysql-connector-java-5.1.8.jar;C:\Users\Yonatan\.m2\repository\postgresql\postgresql\9.0-801.jdbc4\postgresql-9.0-801.jdbc4.jar;C:\Users\Yonatan\.m2\repository\net\sourceforge\jtds\jtds\1.2.4\jtds-1.2.4.jar;C:\Users\Yonatan\.m2\repository\taglibs\request\1.0.1\request-1.0.1.jar;C:\Users\Yonatan\.m2\repository\taglibs\response\1.0.1\response-1.0.1.jar;C:\Users\Yonatan\.m2\repository\taglibs\standard\1.1.2\standard-1.1.2.jar;C:\Users\Yonatan\.m2\repository\taglibs\page\1.0.1\page-1.0.1.jar;C:\Users\Yonatan\.m2\repository\org\codehaus\jackson\jackson-core-asl\1.5.0\jackson-core-asl-1.5.0.jar;C:\Users\Yonatan\.m2\repository\org\codehaus\jackson\jackson-mapper-asl\1.5.0\jackson-mapper-asl-1.5.0.jar;C:\Users\Yonatan\.m2\repository\org\apache\velocity\velocity-tools\2.0\velocity-tools-2.0.jar;C:\Users\Yonatan\.m2\repository\commons-digester\commons-digester\1.8\commons-digester-1.8.jar;C:\Users\Yonatan\.m2\repository\commons-chain\commons-chain\1.1\commons-chain-1.1.jar;C:\Users\Yonatan\.m2\repository\commons-logging\commons-logging\1.1\commons-logging-1.1.jar;C:\Users\Yonatan\.m2\repository\commons-validator\commons-validator\1.3.1\commons-validator-1.3.1.jar;C:\Users\Yonatan\.m2\repository\oro\oro\2.0.8\oro-2.0.8.jar;C:\Users\Yonatan\.m2\repository\sslext\sslext\1.2-0\sslext-1.2-0.jar;C:\Users\Yonatan\.m2\repository\org\apache\struts\struts-core\1.3.8\struts-core-1.3.8.jar;C:\Users\Yonatan\.m2\repository\org\apache\struts\struts-taglib\1.3.8\struts-taglib-1.3.8.jar;C:\Users\Yonatan\.m2\repository\org\apache\struts\struts-tiles\1.3.8\struts-tiles-1.3.8.jar;C:\Users\Yonatan\.m2\repository\org\openmrs\api\openmrs-api\1.9.0\openmrs-api-1.9.0-tests.jar;C:\Users\Yonatan\.m2\repository\org\openmrs\web\openmrs-web\1.9.0\openmrs-web-1.9.0-tests.jar;C:\Users\Yonatan\.m2\repository\org\springframework\spring-test\3.0.5.RELEASE\spring-test-3.0.5.RELEASE.jar;C:\Users\Yonatan\.m2\repository\junit\junit\4.8.1\junit-4.8.1.jar;C:\Users\Yonatan\.m2\repository\org\databene\databene-benerator\0.5.9\databene-benerator-0.5.9.jar;C:\Users\Yonatan\.m2\repository\org\databene\databene-webdecs\0.4.9\databene-webdecs-0.4.9.jar;C:\Users\Yonatan\.m2\repository\org\apache\poi\poi\3.5-beta5\poi-3.5-beta5.jar;C:\Users\Yonatan\.m2\repository\org\freemarker\freemarker\2.3.9\freemarker-2.3.9.jar;C:\Users\Yonatan\.m2\repository\org\databene\databene-commons\0.4.9\databene-commons-0.4.9.jar;C:\Users\Yonatan\.m2\repository\org\databene\databene-gui\0.1.9\databene-gui-0.1.9.jar;C:\Users\Yonatan\.m2\repository\org\apache\derby\derbyclient\10.4.2.0\derbyclient-10.4.2.0.jar;C:\Users\Yonatan\.m2\repository\com\h2database\h2\1.2.135\h2-1.2.135.jar;C:\Users\Yonatan\.m2\repository\org\dbunit\dbunit\2.4.7\dbunit-2.4.7.jar;C:\Users\Yonatan\.m2\repository\xmlunit\xmlunit\1.3\xmlunit-1.3.jar;C:\Users\Yonatan\.m2\repository\org\mockito\mockito-all\1.8.5\mockito-all-1.8.5.jar;C:\Users\Yonatan\.m2\repository\org\powermock\powermock-module-junit4\1.4.10\powermock-module-junit4-1.4.10.jar;C:\Users\Yonatan\.m2\repository\org\powermock\powermock-module-junit4-common\1.4.10\powermock-module-junit4-common-1.4.10.jar;C:\Users\Yonatan\.m2\repository\org\powermock\powermock-core\1.4.10\powermock-core-1.4.10.jar;C:\Users\Yonatan\.m2\repository\org\javassist\javassist\3.15.0-GA\javassist-3.15.0-GA.jar;C:\Users\Yonatan\.m2\repository\org\powermock\powermock-reflect\1.4.10\powermock-reflect-1.4.10.jar;C:\Users\Yonatan\.m2\repository\org\objenesis\objenesis\1.2\objenesis-1.2.jar;C:\Users\Yonatan\.m2\repository\org\powermock\powermock-api-mockito\1.4.10\powermock-api-mockito-1.4.10.jar;C:\Users\Yonatan\.m2\repository\org\powermock\powermock-api-support\1.4.10\powermock-api-support-1.4.10.jar;"/>
    <property name="java.specification.name" value="Java Platform API Specification"/>
    <property name="java.class.version" value="50.0"/>
    <property name="sun.management.compiler" value="HotSpot 64-Bit Tiered Compilers"/>
    <property name="os.version" value="6.1"/>
    <property name="user.home" value="C:\Users\Yonatan"/>
    <property name="user.timezone" value="Asia/Jerusalem"/>
    <property name="java.awt.printerjob" value="sun.awt.windows.WPrinterJob"/>
    <property name="java.specification.version" value="1.6"/>
    <property name="file.encoding" value="Cp1252"/>
    <property name="user.name" value="Yonatan"/>
    <property name="java.class.path" value="D:\workspace\trainingexample2\api\target\test-classes;D:\workspace\trainingexample2\api\target\classes;C:\Users\Yonatan\.m2\repository\org\openmrs\api\openmrs-api\1.9.0\openmrs-api-1.9.0.jar;C:\Users\Yonatan\.m2\repository\commons-collections\commons-collections\3.2\commons-collections-3.2.jar;C:\Users\Yonatan\.m2\repository\org\apache\commons\commons-lang3\3.1\commons-lang3-3.1.jar;C:\Users\Yonatan\.m2\repository\commons-beanutils\commons-beanutils\1.7.0\commons-beanutils-1.7.0.jar;C:\Users\Yonatan\.m2\repository\commons-io\commons-io\1.4\commons-io-1.4.jar;C:\Users\Yonatan\.m2\repository\org\azeckoski\reflectutils\0.9.14\reflectutils-0.9.14.jar;C:\Users\Yonatan\.m2\repository\org\apache\velocity\velocity\1.6.2\velocity-1.6.2.jar;C:\Users\Yonatan\.m2\repository\commons-lang\commons-lang\2.4\commons-lang-2.4.jar;C:\Users\Yonatan\.m2\repository\log4j\log4j\1.2.15\log4j-1.2.15.jar;C:\Users\Yonatan\.m2\repository\org\springframework\spring-core\3.0.5.RELEASE\spring-core-3.0.5.RELEASE.jar;C:\Users\Yonatan\.m2\repository\org\springframework\spring-asm\3.0.5.RELEASE\spring-asm-3.0.5.RELEASE.jar;C:\Users\Yonatan\.m2\repository\org\springframework\spring-beans\3.0.5.RELEASE\spring-beans-3.0.5.RELEASE.jar;C:\Users\Yonatan\.m2\repository\org\springframework\spring-context\3.0.5.RELEASE\spring-context-3.0.5.RELEASE.jar;C:\Users\Yonatan\.m2\repository\org\springframework\spring-expression\3.0.5.RELEASE\spring-expression-3.0.5.RELEASE.jar;C:\Users\Yonatan\.m2\repository\org\springframework\spring-aop\3.0.5.RELEASE\spring-aop-3.0.5.RELEASE.jar;C:\Users\Yonatan\.m2\repository\aopalliance\aopalliance\1.0\aopalliance-1.0.jar;C:\Users\Yonatan\.m2\repository\org\springframework\spring-orm\3.0.5.RELEASE\spring-orm-3.0.5.RELEASE.jar;C:\Users\Yonatan\.m2\repository\org\springframework\spring-tx\3.0.5.RELEASE\spring-tx-3.0.5.RELEASE.jar;C:\Users\Yonatan\.m2\repository\org\springframework\spring-jdbc\3.0.5.RELEASE\spring-jdbc-3.0.5.RELEASE.jar;C:\Users\Yonatan\.m2\repository\org\antlr\antlr-runtime\3.4\antlr-runtime-3.4.jar;C:\Users\Yonatan\.m2\repository\org\antlr\stringtemplate\3.2.1\stringtemplate-3.2.1.jar;C:\Users\Yonatan\.m2\repository\antlr\antlr\2.7.7\antlr-2.7.7.jar;C:\Users\Yonatan\.m2\repository\asm\asm-commons\2.2.3\asm-commons-2.2.3.jar;C:\Users\Yonatan\.m2\repository\asm\asm-tree\2.2.3\asm-tree-2.2.3.jar;C:\Users\Yonatan\.m2\repository\asm\asm\2.2.3\asm-2.2.3.jar;C:\Users\Yonatan\.m2\repository\asm\asm-util\2.2.3\asm-util-2.2.3.jar;C:\Users\Yonatan\.m2\repository\cglib\cglib-nodep\2.2\cglib-nodep-2.2.jar;C:\Users\Yonatan\.m2\repository\ca\uhn\hapi\hapi\0.5\hapi-0.5.jar;C:\Users\Yonatan\.m2\repository\org\openmrs\simpleframework\simple-xml\1.6.1-mod\simple-xml-1.6.1-mod.jar;C:\Users\Yonatan\.m2\repository\stax\stax\1.2.0\stax-1.2.0.jar;C:\Users\Yonatan\.m2\repository\stax\stax-api\1.0.1\stax-api-1.0.1.jar;C:\Users\Yonatan\.m2\repository\javassist\javassist\3.12.1.GA\javassist-3.12.1.GA.jar;C:\Users\Yonatan\.m2\repository\org\openmrs\hibernate\hibernate-core\3.6.5.Final-mod\hibernate-core-3.6.5.Final-mod.jar;C:\Users\Yonatan\.m2\repository\org\hibernate\hibernate-commons-annotations\3.2.0.Final\hibernate-commons-annotations-3.2.0.Final.jar;C:\Users\Yonatan\.m2\repository\org\hibernate\javax\persistence\hibernate-jpa-2.0-api\1.0.0.Final\hibernate-jpa-2.0-api-1.0.0.Final.jar;C:\Users\Yonatan\.m2\repository\javax\transaction\jta\1.1\jta-1.1.jar;C:\Users\Yonatan\.m2\repository\org\hibernate\hibernate-c3p0\3.6.0.Final\hibernate-c3p0-3.6.0.Final.jar;C:\Users\Yonatan\.m2\repository\org\hibernate\hibernate-core\3.6.0.Final\hibernate-core-3.6.0.Final.jar;C:\Users\Yonatan\.m2\repository\org\hibernate\hibernate-ehcache\3.6.0.Final\hibernate-ehcache-3.6.0.Final.jar;C:\Users\Yonatan\.m2\repository\org\hibernate\hibernate-search\3.4.0.Final\hibernate-search-3.4.0.Final.jar;C:\Users\Yonatan\.m2\repository\org\apache\lucene\lucene-core\3.1.0\lucene-core-3.1.0.jar;C:\Users\Yonatan\.m2\repository\org\hibernate\hibernate-search-analyzers\3.4.0.Final\hibernate-search-analyzers-3.4.0.Final.jar;C:\Users\Yonatan\.m2\repository\org\apache\lucene\lucene-analyzers\3.1.0\lucene-analyzers-3.1.0.jar;C:\Users\Yonatan\.m2\repository\org\apache\solr\solr-analysis-extras\3.1.0\solr-analysis-extras-3.1.0.jar;C:\Users\Yonatan\.m2\repository\org\apache\solr\solr-core\3.1.0\solr-core-3.1.0.jar;C:\Users\Yonatan\.m2\repository\org\apache\solr\solr-solrj\3.1.0\solr-solrj-3.1.0.jar;C:\Users\Yonatan\.m2\repository\org\apache\lucene\lucene-highlighter\3.1.0\lucene-highlighter-3.1.0.jar;C:\Users\Yonatan\.m2\repository\org\apache\lucene\lucene-memory\3.1.0\lucene-memory-3.1.0.jar;C:\Users\Yonatan\.m2\repository\org\apache\lucene\lucene-misc\3.1.0\lucene-misc-3.1.0.jar;C:\Users\Yonatan\.m2\repository\org\apache\lucene\lucene-spatial\3.1.0\lucene-spatial-3.1.0.jar;C:\Users\Yonatan\.m2\repository\org\apache\lucene\lucene-spellchecker\3.1.0\lucene-spellchecker-3.1.0.jar;C:\Users\Yonatan\.m2\repository\org\apache\solr\solr-commons-csv\3.1.0\solr-commons-csv-3.1.0.jar;C:\Users\Yonatan\.m2\repository\commons-codec\commons-codec\1.4\commons-codec-1.4.jar;C:\Users\Yonatan\.m2\repository\org\apache\lucene\lucene-smartcn\3.1.0\lucene-smartcn-3.1.0.jar;C:\Users\Yonatan\.m2\repository\org\apache\lucene\lucene-stempel\3.1.0\lucene-stempel-3.1.0.jar;C:\Users\Yonatan\.m2\repository\dom4j\dom4j\1.6.1\dom4j-1.6.1.jar;C:\Users\Yonatan\.m2\repository\c3p0\c3p0\0.9.1\c3p0-0.9.1.jar;C:\Users\Yonatan\.m2\repository\net\sf\ehcache\ehcache-core\2.2.0\ehcache-core-2.2.0.jar;C:\Users\Yonatan\.m2\repository\org\slf4j\slf4j-api\1.6.0\slf4j-api-1.6.0.jar;C:\Users\Yonatan\.m2\repository\org\slf4j\jcl-over-slf4j\1.6.0\jcl-over-slf4j-1.6.0.jar;C:\Users\Yonatan\.m2\repository\org\slf4j\slf4j-log4j12\1.6.0\slf4j-log4j12-1.6.0.jar;C:\Users\Yonatan\.m2\repository\com\thoughtworks\xstream\xstream\1.3.1\xstream-1.3.1.jar;C:\Users\Yonatan\.m2\repository\javax\mail\mail\1.4.1\mail-1.4.1.jar;C:\Users\Yonatan\.m2\repository\javax\activation\activation\1.1\activation-1.1.jar;C:\Users\Yonatan\.m2\repository\org\liquibase\liquibase-core\2.0.1\liquibase-core-2.0.1.jar;C:\Users\Yonatan\.m2\repository\org\openmrs\liquibase\ext\modify-column\2.0.2\modify-column-2.0.2.jar;C:\Users\Yonatan\.m2\repository\org\openmrs\liquibase\ext\identity-insert\1.2.1\identity-insert-1.2.1.jar;C:\Users\Yonatan\.m2\repository\org\openmrs\liquibase\ext\type-converter\1.0.1\type-converter-1.0.1.jar;C:\Users\Yonatan\.m2\repository\xerces\xercesImpl\2.8.0\xercesImpl-2.8.0.jar;C:\Users\Yonatan\.m2\repository\xml-apis\xml-apis\1.3.03\xml-apis-1.3.03.jar;C:\Users\Yonatan\.m2\repository\xml-resolver\xml-resolver\1.1\xml-resolver-1.1.jar;C:\Users\Yonatan\.m2\repository\org\springframework\spring-oxm\3.0.5.RELEASE\spring-oxm-3.0.5.RELEASE.jar;C:\Users\Yonatan\.m2\repository\org\openmrs\web\openmrs-web\1.9.0\openmrs-web-1.9.0.jar;C:\Users\Yonatan\.m2\repository\javax\servlet\servlet-api\2.5\servlet-api-2.5.jar;C:\Users\Yonatan\.m2\repository\javax\servlet\jsp-api\2.0\jsp-api-2.0.jar;C:\Users\Yonatan\.m2\repository\javax\servlet\jstl\1.1.2\jstl-1.1.2.jar;C:\Users\Yonatan\.m2\repository\org\openmrs\directwebremoting\dwr\2.0.5-mod\dwr-2.0.5-mod.jar;C:\Users\Yonatan\.m2\repository\commons-fileupload\commons-fileupload\1.2.1\commons-fileupload-1.2.1.jar;C:\Users\Yonatan\.m2\repository\net\sf\saxon\saxon\8.7\saxon-8.7.jar;C:\Users\Yonatan\.m2\repository\net\sf\saxon\saxon-dom\8.7\saxon-dom-8.7.jar;C:\Users\Yonatan\.m2\repository\org\springframework\spring-web\3.0.5.RELEASE\spring-web-3.0.5.RELEASE.jar;C:\Users\Yonatan\.m2\repository\org\springframework\spring-webmvc\3.0.5.RELEASE\spring-webmvc-3.0.5.RELEASE.jar;C:\Users\Yonatan\.m2\repository\org\springframework\spring-context-support\3.0.5.RELEASE\spring-context-support-3.0.5.RELEASE.jar;C:\Users\Yonatan\.m2\repository\jfree\jfreechart\1.0.12\jfreechart-1.0.12.jar;C:\Users\Yonatan\.m2\repository\jfree\jcommon\1.0.15\jcommon-1.0.15.jar;C:\Users\Yonatan\.m2\repository\mysql\mysql-connector-java\5.1.8\mysql-connector-java-5.1.8.jar;C:\Users\Yonatan\.m2\repository\postgresql\postgresql\9.0-801.jdbc4\postgresql-9.0-801.jdbc4.jar;C:\Users\Yonatan\.m2\repository\net\sourceforge\jtds\jtds\1.2.4\jtds-1.2.4.jar;C:\Users\Yonatan\.m2\repository\taglibs\request\1.0.1\request-1.0.1.jar;C:\Users\Yonatan\.m2\repository\taglibs\response\1.0.1\response-1.0.1.jar;C:\Users\Yonatan\.m2\repository\taglibs\standard\1.1.2\standard-1.1.2.jar;C:\Users\Yonatan\.m2\repository\taglibs\page\1.0.1\page-1.0.1.jar;C:\Users\Yonatan\.m2\repository\org\codehaus\jackson\jackson-core-asl\1.5.0\jackson-core-asl-1.5.0.jar;C:\Users\Yonatan\.m2\repository\org\codehaus\jackson\jackson-mapper-asl\1.5.0\jackson-mapper-asl-1.5.0.jar;C:\Users\Yonatan\.m2\repository\org\apache\velocity\velocity-tools\2.0\velocity-tools-2.0.jar;C:\Users\Yonatan\.m2\repository\commons-digester\commons-digester\1.8\commons-digester-1.8.jar;C:\Users\Yonatan\.m2\repository\commons-chain\commons-chain\1.1\commons-chain-1.1.jar;C:\Users\Yonatan\.m2\repository\commons-logging\commons-logging\1.1\commons-logging-1.1.jar;C:\Users\Yonatan\.m2\repository\commons-validator\commons-validator\1.3.1\commons-validator-1.3.1.jar;C:\Users\Yonatan\.m2\repository\oro\oro\2.0.8\oro-2.0.8.jar;C:\Users\Yonatan\.m2\repository\sslext\sslext\1.2-0\sslext-1.2-0.jar;C:\Users\Yonatan\.m2\repository\org\apache\struts\struts-core\1.3.8\struts-core-1.3.8.jar;C:\Users\Yonatan\.m2\repository\org\apache\struts\struts-taglib\1.3.8\struts-taglib-1.3.8.jar;C:\Users\Yonatan\.m2\repository\org\apache\struts\struts-tiles\1.3.8\struts-tiles-1.3.8.jar;C:\Users\Yonatan\.m2\repository\org\openmrs\api\openmrs-api\1.9.0\openmrs-api-1.9.0-tests.jar;C:\Users\Yonatan\.m2\repository\org\openmrs\web\openmrs-web\1.9.0\openmrs-web-1.9.0-tests.jar;C:\Users\Yonatan\.m2\repository\org\springframework\spring-test\3.0.5.RELEASE\spring-test-3.0.5.RELEASE.jar;C:\Users\Yonatan\.m2\repository\junit\junit\4.8.1\junit-4.8.1.jar;C:\Users\Yonatan\.m2\repository\org\databene\databene-benerator\0.5.9\databene-benerator-0.5.9.jar;C:\Users\Yonatan\.m2\repository\org\databene\databene-webdecs\0.4.9\databene-webdecs-0.4.9.jar;C:\Users\Yonatan\.m2\repository\org\apache\poi\poi\3.5-beta5\poi-3.5-beta5.jar;C:\Users\Yonatan\.m2\repository\org\freemarker\freemarker\2.3.9\freemarker-2.3.9.jar;C:\Users\Yonatan\.m2\repository\org\databene\databene-commons\0.4.9\databene-commons-0.4.9.jar;C:\Users\Yonatan\.m2\repository\org\databene\databene-gui\0.1.9\databene-gui-0.1.9.jar;C:\Users\Yonatan\.m2\repository\org\apache\derby\derbyclient\10.4.2.0\derbyclient-10.4.2.0.jar;C:\Users\Yonatan\.m2\repository\com\h2database\h2\1.2.135\h2-1.2.135.jar;C:\Users\Yonatan\.m2\repository\org\dbunit\dbunit\2.4.7\dbunit-2.4.7.jar;C:\Users\Yonatan\.m2\repository\xmlunit\xmlunit\1.3\xmlunit-1.3.jar;C:\Users\Yonatan\.m2\repository\org\mockito\mockito-all\1.8.5\mockito-all-1.8.5.jar;C:\Users\Yonatan\.m2\repository\org\powermock\powermock-module-junit4\1.4.10\powermock-module-junit4-1.4.10.jar;C:\Users\Yonatan\.m2\repository\org\powermock\powermock-module-junit4-common\1.4.10\powermock-module-junit4-common-1.4.10.jar;C:\Users\Yonatan\.m2\repository\org\powermock\powermock-core\1.4.10\powermock-core-1.4.10.jar;C:\Users\Yonatan\.m2\repository\org\javassist\javassist\3.15.0-GA\javassist-3.15.0-GA.jar;C:\Users\Yonatan\.m2\repository\org\powermock\powermock-reflect\1.4.10\powermock-reflect-1.4.10.jar;C:\Users\Yonatan\.m2\repository\org\objenesis\objenesis\1.2\objenesis-1.2.jar;C:\Users\Yonatan\.m2\repository\org\powermock\powermock-api-mockito\1.4.10\powermock-api-mockito-1.4.10.jar;C:\Users\Yonatan\.m2\repository\org\powermock\powermock-api-support\1.4.10\powermock-api-support-1.4.10.jar;"/>
    <property name="java.vm.specification.version" value="1.0"/>
    <property name="sun.arch.data.model" value="64"/>
    <property name="java.home" value="C:\Program Files\Java\jdk1.6.0_35\jre"/>
    <property name="sun.java.command" value="D:\workspace\trainingexample2\api\target\surefire\surefirebooter724655908160169926.jar D:\workspace\trainingexample2\api\target\surefire\surefire4180172131623982274tmp D:\workspace\trainingexample2\api\target\surefire\surefire6279341959413437877tmp"/>
    <property name="java.specification.vendor" value="Sun Microsystems Inc."/>
    <property name="user.language" value="en"/>
    <property name="awt.toolkit" value="sun.awt.windows.WToolkit"/>
    <property name="java.vm.info" value="mixed mode"/>
    <property name="java.version" value="1.6.0_35"/>
    <property name="java.ext.dirs" value="C:\Program Files\Java\jdk1.6.0_35\jre\lib\ext;C:\Windows\Sun\Java\lib\ext"/>
    <property name="sun.boot.class.path" value="C:\Program Files\Java\jdk1.6.0_35\jre\lib\resources.jar;C:\Program Files\Java\jdk1.6.0_35\jre\lib\rt.jar;C:\Program Files\Java\jdk1.6.0_35\jre\lib\sunrsasign.jar;C:\Program Files\Java\jdk1.6.0_35\jre\lib\jsse.jar;C:\Program Files\Java\jdk1.6.0_35\jre\lib\jce.jar;C:\Program Files\Java\jdk1.6.0_35\jre\lib\charsets.jar;C:\Program Files\Java\jdk1.6.0_35\jre\lib\modules\jdk.boot.jar;C:\Program Files\Java\jdk1.6.0_35\jre\classes"/>
    <property name="java.vendor" value="Sun Microsystems Inc."/>
    <property name="localRepository" value="C:\Users\Yonatan\.m2\repository"/>
    <property name="file.separator" value="\"/>
    <property name="java.vendor.url.bug" value="http://java.sun.com/cgi-bin/bugreport.cgi"/>
    <property name="sun.cpu.endian" value="little"/>
    <property name="sun.io.unicode.encoding" value="UnicodeLittle"/>
    <property name="sun.desktop" value="windows"/>
    <property name="sun.cpu.isalist" value="amd64"/>
  </properties>
  <testcase time="8.365" classname="org.openmrs.module.trainingexample2.api.TrainingExample2ServiceTest" name="shouldSetupContext"/>
</testsuite>